[ 2018-06-24T20:18:10+08:00 ] 127.0.0.1 /index.php/Admin/Dept/shilihua
INFO: [ app_init ] --START--
INFO: Run Behavior\BuildLiteBehavior [ RunTime:0.000000s ]
INFO: [ app_init ] --END-- [ RunTime:0.041002s ]
INFO: [ app_begin ] --START--
INFO: Run Behavior\ReadHtmlCacheBehavior [ RunTime:0.014001s ]
INFO: [ app_begin ] --END-- [ RunTime:0.014001s ]
ERR: 1146:Table 'db_oa.sp_dept' doesn't exist
 [ SQL语句 ] : SHOW COLUMNS FROM `sp_dept`
ERR: 1146:Table 'db_oa.sp_dept' doesn't exist
 [ SQL语句 ] : SHOW COLUMNS FROM `sp_dept`

[ 2018-06-24T20:18:48+08:00 ] 127.0.0.1 /index.php/Admin/Dept/shilihua
INFO: [ app_init ] --START--
INFO: Run Behavior\BuildLiteBehavior [ RunTime:0.000000s ]
INFO: [ app_init ] --END-- [ RunTime:0.001000s ]
INFO: [ app_begin ] --START--
INFO: Run Behavior\ReadHtmlCacheBehavior [ RunTime:0.000000s ]
INFO: [ app_begin ] --END-- [ RunTime:0.000000s ]
SQL: SHOW COLUMNS FROM `sp_dept` [ RunTime:0.0680s ]
INFO: [ app_end ] --START--
INFO: Run Behavior\ShowPageTraceBehavior [ RunTime:0.031002s ]
INFO: [ app_end ] --END-- [ RunTime:0.032002s ]

[ 2018-06-24T20:59:07+08:00 ] 127.0.0.1 /index.php/Admin/Dept/tianjia
INFO: [ app_init ] --START--
INFO: Run Behavior\BuildLiteBehavior [ RunTime:0.000000s ]
INFO: [ app_init ] --END-- [ RunTime:0.000000s ]
INFO: [ app_begin ] --START--
INFO: Run Behavior\ReadHtmlCacheBehavior [ RunTime:0.000000s ]
INFO: [ app_begin ] --END-- [ RunTime:0.000000s ]
SQL: SHOW COLUMNS FROM `sp_dept` [ RunTime:0.0050s ]
SQL: INSERT INTO `sp_dept` (`name`,`pid`,`sort`,`remark`) VALUES ('人事部','0','1','这是人事部门') [ RunTime:0.0420s ]
INFO: [ app_end ] --START--
INFO: Run Behavior\ShowPageTraceBehavior [ RunTime:0.001000s ]
INFO: [ app_end ] --END-- [ RunTime:0.001000s ]

[ 2018-06-24T21:14:42+08:00 ] 127.0.0.1 /index.php/Admin/Dept/addAll
INFO: [ app_init ] --START--
INFO: Run Behavior\BuildLiteBehavior [ RunTime:0.000000s ]
INFO: [ app_init ] --END-- [ RunTime:0.000000s ]
INFO: [ app_begin ] --START--
INFO: Run Behavior\ReadHtmlCacheBehavior [ RunTime:0.000000s ]
INFO: [ app_begin ] --END-- [ RunTime:0.001001s ]

[ 2018-06-24T21:14:54+08:00 ] 127.0.0.1 /index.php/Admin/Dept/addAll
INFO: [ app_init ] --START--
INFO: Run Behavior\BuildLiteBehavior [ RunTime:0.000000s ]
INFO: [ app_init ] --END-- [ RunTime:0.000000s ]
INFO: [ app_begin ] --START--
INFO: Run Behavior\ReadHtmlCacheBehavior [ RunTime:0.001000s ]
INFO: [ app_begin ] --END-- [ RunTime:0.001000s ]
SQL: SHOW COLUMNS FROM `sp_dept` [ RunTime:0.0040s ]
SQL: INSERT INTO `sp_dept` (`name`,`pid`,`sort`,`remark`) VALUES ('行政部','0','2','这是行政部门'),('技术部','0','3','这是技术部门') [ RunTime:0.0500s ]
INFO: [ app_end ] --START--
INFO: Run Behavior\ShowPageTraceBehavior [ RunTime:0.001000s ]
INFO: [ app_end ] --END-- [ RunTime:0.001000s ]

[ 2018-06-24T23:07:02+08:00 ] 127.0.0.1 /index.php/Admin/Dept/save
INFO: [ app_init ] --START--
INFO: Run Behavior\BuildLiteBehavior [ RunTime:0.000000s ]
INFO: [ app_init ] --END-- [ RunTime:0.001000s ]
INFO: [ app_begin ] --START--
INFO: Run Behavior\ReadHtmlCacheBehavior [ RunTime:0.000000s ]
INFO: [ app_begin ] --END-- [ RunTime:0.000000s ]
SQL: SHOW COLUMNS FROM `sp_dept` [ RunTime:0.0050s ]
SQL: UPDATE `sp_dept` SET `pid`='1' WHERE `id` = 1 [ RunTime:0.0420s ]
INFO: [ app_end ] --START--
INFO: Run Behavior\ShowPageTraceBehavior [ RunTime:0.001001s ]
INFO: [ app_end ] --END-- [ RunTime:0.001001s ]

[ 2018-06-24T23:17:51+08:00 ] 127.0.0.1 /index.php/Admin/Dept/select
INFO: [ app_init ] --START--
INFO: Run Behavior\BuildLiteBehavior [ RunTime:0.000000s ]
INFO: [ app_init ] --END-- [ RunTime:0.000000s ]
INFO: [ app_begin ] --START--
INFO: Run Behavior\ReadHtmlCacheBehavior [ RunTime:0.001000s ]
INFO: [ app_begin ] --END-- [ RunTime:0.001000s ]
SQL: SHOW COLUMNS FROM `sp_dept` [ RunTime:0.0040s ]
SQL: SELECT * FROM `sp_dept`  [ RunTime:0.0000s ]
INFO: [ app_end ] --START--
INFO: Run Behavior\ShowPageTraceBehavior [ RunTime:0.001001s ]
INFO: [ app_end ] --END-- [ RunTime:0.001001s ]

[ 2018-06-24T23:19:08+08:00 ] 127.0.0.1 /index.php/Admin/Dept/select
INFO: [ app_init ] --START--
INFO: Run Behavior\BuildLiteBehavior [ RunTime:0.000000s ]
INFO: [ app_init ] --END-- [ RunTime:0.000000s ]
INFO: [ app_begin ] --START--
INFO: Run Behavior\ReadHtmlCacheBehavior [ RunTime:0.001000s ]
INFO: [ app_begin ] --END-- [ RunTime:0.001000s ]
SQL: SHOW COLUMNS FROM `sp_dept` [ RunTime:0.0040s ]
SQL: SELECT * FROM `sp_dept`  [ RunTime:0.0000s ]
SQL: SELECT * FROM `sp_dept` WHERE `id` = 1  [ RunTime:0.0000s ]
SQL: SELECT * FROM `sp_dept` LIMIT 1   [ RunTime:0.0010s ]
INFO: [ app_end ] --START--
INFO: Run Behavior\ShowPageTraceBehavior [ RunTime:0.001000s ]
INFO: [ app_end ] --END-- [ RunTime:0.001000s ]

[ 2018-06-24T23:19:27+08:00 ] 127.0.0.1 /index.php/Admin/Dept/select
INFO: [ app_init ] --START--
INFO: Run Behavior\BuildLiteBehavior [ RunTime:0.000000s ]
INFO: [ app_init ] --END-- [ RunTime:0.000000s ]
INFO: [ app_begin ] --START--
INFO: Run Behavior\ReadHtmlCacheBehavior [ RunTime:0.001000s ]
INFO: [ app_begin ] --END-- [ RunTime:0.001000s ]
SQL: SHOW COLUMNS FROM `sp_dept` [ RunTime:0.0070s ]
SQL: SELECT * FROM `sp_dept`  [ RunTime:0.0000s ]
SQL: SELECT * FROM `sp_dept` WHERE `id` = 1  [ RunTime:0.0010s ]
SQL: SELECT * FROM `sp_dept` LIMIT 1   [ RunTime:0.0000s ]
SQL: SELECT * FROM `sp_dept` WHERE `id` = 2 LIMIT 1   [ RunTime:0.0010s ]
INFO: [ app_end ] --START--
INFO: Run Behavior\ShowPageTraceBehavior [ RunTime:0.000000s ]
INFO: [ app_end ] --END-- [ RunTime:0.000000s ]

[ 2018-06-24T23:19:40+08:00 ] 127.0.0.1 /index.php/Admin/Dept/select
INFO: [ app_init ] --START--
INFO: Run Behavior\BuildLiteBehavior [ RunTime:0.000000s ]
INFO: [ app_init ] --END-- [ RunTime:0.001000s ]
INFO: [ app_begin ] --START--
INFO: Run Behavior\ReadHtmlCacheBehavior [ RunTime:0.001000s ]
INFO: [ app_begin ] --END-- [ RunTime:0.001000s ]
SQL: SHOW COLUMNS FROM `sp_dept` [ RunTime:0.0050s ]
SQL: SELECT * FROM `sp_dept`  [ RunTime:0.0000s ]
SQL: SELECT * FROM `sp_dept` WHERE `id` = 1  [ RunTime:0.0000s ]
SQL: SELECT * FROM `sp_dept` LIMIT 1   [ RunTime:0.0000s ]
SQL: SELECT * FROM `sp_dept` WHERE `id` = 2 LIMIT 1   [ RunTime:0.0000s ]
INFO: [ app_end ] --START--
INFO: Run Behavior\ShowPageTraceBehavior [ RunTime:0.001000s ]
INFO: [ app_end ] --END-- [ RunTime:0.001000s ]

[ 2018-06-24T23:19:48+08:00 ] 127.0.0.1 /index.php/Admin/Dept/select
INFO: [ app_init ] --START--
INFO: Run Behavior\BuildLiteBehavior [ RunTime:0.000000s ]
INFO: [ app_init ] --END-- [ RunTime:0.000000s ]
INFO: [ app_begin ] --START--
INFO: Run Behavior\ReadHtmlCacheBehavior [ RunTime:0.001000s ]
INFO: [ app_begin ] --END-- [ RunTime:0.001000s ]
SQL: SHOW COLUMNS FROM `sp_dept` [ RunTime:0.0040s ]
SQL: SELECT * FROM `sp_dept`  [ RunTime:0.0000s ]
SQL: SELECT * FROM `sp_dept` WHERE `id` = 1  [ RunTime:0.0000s ]
SQL: SELECT * FROM `sp_dept` LIMIT 1   [ RunTime:0.0010s ]
SQL: SELECT * FROM `sp_dept` WHERE `id` = 2 LIMIT 1   [ RunTime:0.0000s ]
INFO: [ app_end ] --START--
INFO: Run Behavior\ShowPageTraceBehavior [ RunTime:0.001000s ]
INFO: [ app_end ] --END-- [ RunTime:0.001000s ]

[ 2018-06-24T23:19:56+08:00 ] 127.0.0.1 /index.php/Admin/Dept/select
INFO: [ app_init ] --START--
INFO: Run Behavior\BuildLiteBehavior [ RunTime:0.000000s ]
INFO: [ app_init ] --END-- [ RunTime:0.001000s ]
INFO: [ app_begin ] --START--
INFO: Run Behavior\ReadHtmlCacheBehavior [ RunTime:0.001000s ]
INFO: [ app_begin ] --END-- [ RunTime:0.001000s ]
SQL: SHOW COLUMNS FROM `sp_dept` [ RunTime:0.0050s ]
SQL: SELECT * FROM `sp_dept`  [ RunTime:0.0000s ]
SQL: SELECT * FROM `sp_dept` WHERE `id` = 1  [ RunTime:0.0000s ]
SQL: SELECT * FROM `sp_dept` LIMIT 1   [ RunTime:0.0010s ]
SQL: SELECT * FROM `sp_dept` WHERE `id` = 2 LIMIT 1   [ RunTime:0.0000s ]
INFO: [ app_end ] --START--
INFO: Run Behavior\ShowPageTraceBehavior [ RunTime:0.001000s ]
INFO: [ app_end ] --END-- [ RunTime:0.001000s ]

